Fetching aggregated transactions from tables: 
Array [ "INMCPDF_202510" ]
useAggregatedTransactions.ts:79:25
XHRPOST
https://hwrbwttovihldczdhrbu.supabase.co/rest/v1/rpc/get_user_accessible_tables
[HTTP/3 404  39ms]

XHRGET
https://hwrbwttovihldczdhrbu.supabase.co/rest/v1/INMCPDF_202510?select=id,created_at,"Date","Description","Amount","Balance","Category","Responsible","Bank","Comment",user_id,source_table&user_id=eq.2b5c5467-04e0-4820-bea9-1645821fa1b7&order="Date".desc
[HTTP/3 400  39ms]

RPC function not available: Could not find the function public.get_user_accessible_tables without parameters in the schema cache useSupabaseTables.ts:258:33
RPC approach failed, trying fallback approach: Error: RPC function not available
    fetchAvailableTables webpack-internal:///(app-pages-browser)/./lib/hooks/useSupabaseTables.ts:259
    useEffect webpack-internal:///(app-pages-browser)/./lib/hooks/useSupabaseTables.ts:351
    frame webpack-internal:///(app-pages-browser)/./node_modules/.pnpm/next@15.2.4_react-dom@19.1.0_react@19.1.0__react@19.1.0/node_modules/next/dist/compiled/react-dom/cjs/react-dom-client.development.js:24036
    runWithFiberInDEV webpack-internal:///(app-pages-browser)/./node_modules/.pnpm/next@15.2.4_react-dom@19.1.0_react@19.1.0__react@19.1.0/node_modules/next/dist/compiled/react-dom/cjs/react-dom-client.development.js:1514
    commitHookEffectListMount webpack-internal:///(app-pages-browser)/./node_modules/.pnpm/next@15.2.4_react-dom@19.1.0_react@19.1.0__react@19.1.0/node_modules/next/dist/compiled/react-dom/cjs/react-dom-client.development.js:10515
useSupabaseTables.ts:262:29
Table INMCPDF_202510 doesn't have source_table column, trying without it useAggregatedTransactions.ts:90:41
XHRHEAD
https://hwrbwttovihldczdhrbu.supabase.co/rest/v1/INMCPDF_202401?select=*&limit=0
[HTTP/3 404  49ms]

XHRHEAD
https://hwrbwttovihldczdhrbu.supabase.co/rest/v1/INMCPDF_202402?select=*&limit=0
[HTTP/3 404  71ms]

XHRHEAD
https://hwrbwttovihldczdhrbu.supabase.co/rest/v1/INMCPDF_202404?select=*&limit=0
[HTTP/3 404  83ms]

XHRHEAD
https://hwrbwttovihldczdhrbu.supabase.co/rest/v1/INMCPDF_202403?select=*&limit=0
[HTTP/3 404  74ms]

XHRHEAD
https://hwrbwttovihldczdhrbu.supabase.co/rest/v1/INMCPDF_202405?select=*&limit=0
[HTTP/3 404  74ms]

XHRHEAD
https://hwrbwttovihldczdhrbu.supabase.co/rest/v1/INMCPDF_202406?select=*&limit=0
[HTTP/3 404  71ms]

XHRHEAD
https://hwrbwttovihldczdhrbu.supabase.co/rest/v1/INMCPDF_202408?select=*&limit=0
[HTTP/3 404  71ms]

XHRHEAD
https://hwrbwttovihldczdhrbu.supabase.co/rest/v1/INMCPDF_202407?select=*&limit=0
[HTTP/3 404  71ms]

XHRHEAD
https://hwrbwttovihldczdhrbu.supabase.co/rest/v1/INMCPDF_202409?select=*&limit=0
[HTTP/3 404  50ms]

XHRHEAD
https://hwrbwttovihldczdhrbu.supabase.co/rest/v1/INMCPDF_202410?select=*&limit=0
[HTTP/3 404  53ms]

XHRHEAD
https://hwrbwttovihldczdhrbu.supabase.co/rest/v1/INMCPDF_202412?select=*&limit=0
[HTTP/3 404  69ms]

XHRHEAD
https://hwrbwttovihldczdhrbu.supabase.co/rest/v1/INMCPDF_202411?select=*&limit=0
[HTTP/3 404  53ms]

Fallback approach found tables: 
Array(47) [ "Sweden_transactions_agregated_2025", "Brasil_transactions_agregated_2025", "Brasil_transactions_agregated_2024", "IN_ALL", "INMC_202401", "INMC_202402", "INMC_202403", "INMC_202404", "INMC_202405", "INMC_202406", … ]
useSupabaseTables.ts:291:29
Combined 17 transactions from 1 tables useAggregatedTransactions.ts:148:25
XHRGET
https://hwrbwttovihldczdhrbu.supabase.co/rest/v1/INMCPDF_202401?select=id,Date,Bank,user_id&user_id=eq.2b5c5467-04e0-4820-bea9-1645821fa1b7&limit=1000
[HTTP/3 404  46ms]

XHRGET
https://hwrbwttovihldczdhrbu.supabase.co/rest/v1/INMCPDF_202402?select=id,Date,Bank,user_id&user_id=eq.2b5c5467-04e0-4820-bea9-1645821fa1b7&limit=1000
[HTTP/3 404  58ms]

XHRGET
https://hwrbwttovihldczdhrbu.supabase.co/rest/v1/INMCPDF_202403?select=id,Date,Bank,user_id&user_id=eq.2b5c5467-04e0-4820-bea9-1645821fa1b7&limit=1000
[HTTP/3 404  58ms]

XHRGET
https://hwrbwttovihldczdhrbu.supabase.co/rest/v1/INMCPDF_202404?select=id,Date,Bank,user_id&user_id=eq.2b5c5467-04e0-4820-bea9-1645821fa1b7&limit=1000
[HTTP/3 404  68ms]

XHRGET
https://hwrbwttovihldczdhrbu.supabase.co/rest/v1/INMCPDF_202406?select=id,Date,Bank,user_id&user_id=eq.2b5c5467-04e0-4820-bea9-1645821fa1b7&limit=1000
[HTTP/3 404  68ms]

XHRGET
https://hwrbwttovihldczdhrbu.supabase.co/rest/v1/INMCPDF_202405?select=id,Date,Bank,user_id&user_id=eq.2b5c5467-04e0-4820-bea9-1645821fa1b7&limit=1000
[HTTP/3 404  68ms]

XHRGET
https://hwrbwttovihldczdhrbu.supabase.co/rest/v1/INMCPDF_202408?select=id,Date,Bank,user_id&user_id=eq.2b5c5467-04e0-4820-bea9-1645821fa1b7&limit=1000
[HTTP/3 404  68ms]

XHRGET
https://hwrbwttovihldczdhrbu.supabase.co/rest/v1/INMCPDF_202407?select=id,Date,Bank,user_id&user_id=eq.2b5c5467-04e0-4820-bea9-1645821fa1b7&limit=1000
[HTTP/3 404  55ms]

XHRGET
https://hwrbwttovihldczdhrbu.supabase.co/rest/v1/INMCPDF_202409?select=id,Date,Bank,user_id&user_id=eq.2b5c5467-04e0-4820-bea9-1645821fa1b7&limit=1000
[HTTP/3 404  63ms]

XHRGET
https://hwrbwttovihldczdhrbu.supabase.co/rest/v1/INMCPDF_202410?select=id,Date,Bank,user_id&user_id=eq.2b5c5467-04e0-4820-bea9-1645821fa1b7&limit=1000
[HTTP/3 404  56ms]

XHRGET
https://hwrbwttovihldczdhrbu.supabase.co/rest/v1/INMCPDF_202411?select=id,Date,Bank,user_id&user_id=eq.2b5c5467-04e0-4820-bea9-1645821fa1b7&limit=1000
[HTTP/3 404  52ms]

XHRGET
https://hwrbwttovihldczdhrbu.supabase.co/rest/v1/INMCPDF_202412?select=id,Date,Bank,user_id&user_id=eq.2b5c5467-04e0-4820-bea9-1645821fa1b7&limit=1000
[HTTP/3 404  65ms]

Error fetching sample data from INMCPDF_202401: 
Object { code: "42P01", details: null, hint: null, message: 'relation "public.INMCPDF_202401" does not exist' }
useSupabaseTables.ts:302:41
Error fetching sample data from INMCPDF_202411: 
Object { code: "42P01", details: null, hint: null, message: 'relation "public.INMCPDF_202411" does not exist' }
useSupabaseTables.ts:302:41
Error fetching sample data from INMCPDF_202402: 
Object { code: "42P01", details: null, hint: null, message: 'relation "public.INMCPDF_202402" does not exist' }
useSupabaseTables.ts:302:41
Error fetching sample data from INMCPDF_202403: 
Object { code: "42P01", details: null, hint: null, message: 'relation "public.INMCPDF_202403" does not exist' }
useSupabaseTables.ts:302:41
Error fetching sample data from INMCPDF_202407: 
Object { code: "42P01", details: null, hint: null, message: 'relation "public.INMCPDF_202407" does not exist' }
useSupabaseTables.ts:302:41
Error fetching sample data from INMCPDF_202410: 
Object { code: "42P01", details: null, hint: null, message: 'relation "public.INMCPDF_202410" does not exist' }
useSupabaseTables.ts:302:41
Error fetching sample data from INMCPDF_202409: 
Object { code: "42P01", details: null, hint: null, message: 'relation "public.INMCPDF_202409" does not exist' }
useSupabaseTables.ts:302:41
Error fetching sample data from INMCPDF_202412: 
Object { code: "42P01", details: null, hint: null, message: 'relation "public.INMCPDF_202412" does not exist' }
useSupabaseTables.ts:302:41
Error fetching sample data from INMCPDF_202405: 
Object { code: "42P01", details: null, hint: null, message: 'relation "public.INMCPDF_202405" does not exist' }
useSupabaseTables.ts:302:41
Error fetching sample data from INMCPDF_202404: 
Object { code: "42P01", details: null, hint: null, message: 'relation "public.INMCPDF_202404" does not exist' }
useSupabaseTables.ts:302:41
Error fetching sample data from INMCPDF_202406: 
Object { code: "42P01", details: null, hint: null, message: 'relation "public.INMCPDF_202406" does not exist' }
useSupabaseTables.ts:302:41
Error fetching sample data from INMCPDF_202408: 
Object { code: "42P01", details: null, hint: null, message: 'relation "public.INMCPDF_202408" does not exist' }
useSupabaseTables.ts:302:41
